<?xml version="1.0" encoding="UTF-8"?>
<!-- Generated by org.testng.reporters.JUnitReportReporter -->
<testsuite hostname="oshchegula" name="test.JsonServiceTest" tests="1" failures="0" timestamp="4 Sep 2014 15:28:55 GMT" time="2.592" errors="0">
  <testcase name="JsonTest" time="2.592" classname="test.JsonServiceTest"/>
</testsuite> <!-- test.JsonServiceTest -->
