<?xml version="1.0" encoding="UTF-8"?>
<!-- Generated by org.testng.reporters.JUnitReportReporter -->
<testsuite hostname="oshchegula" name="test.JsonServiceTest" tests="1" failures="0" timestamp="4 Sep 2014 15:17:16 GMT" time="7.400" errors="0">
  <testcase name="JsonTest" time="7.400" classname="test.JsonServiceTest"/>
</testsuite> <!-- test.JsonServiceTest -->
