<?xml version="1.0" encoding="UTF-8"?>
<!-- Generated by org.testng.reporters.JUnitReportReporter -->
<testsuite hostname="oshchegula" name="test.JsonServiceTest" tests="1" failures="0" timestamp="8 Sep 2014 13:04:57 GMT" time="0.289" errors="0">
  <testcase name="registrationNegativeTest" time="0.289" classname="test.JsonServiceTest"/>
</testsuite> <!-- test.JsonServiceTest -->
