<?xml version="1.0" encoding="UTF-8"?>
<!-- Generated by org.testng.reporters.JUnitReportReporter -->
<testsuite hostname="oshchegula" name="test.JsonServiceTest" tests="4" failures="0" timestamp="9 Sep 2014 13:39:58 GMT" time="5.926" errors="0">
  <testcase name="registrationNegativeTest" time="0.071" classname="test.JsonServiceTest"/>
  <testcase name="getResultsJsonTest" time="0.095" classname="test.JsonServiceTest"/>
  <testcase name="ImportTest" time="3.900" classname="test.JsonServiceTest"/>
  <testcase name="registrationTest" time="1.860" classname="test.JsonServiceTest"/>
</testsuite> <!-- test.JsonServiceTest -->
