<?xml version="1.0" encoding="UTF-8"?>
<!-- Generated by org.testng.reporters.JUnitReportReporter -->
<testsuite hostname="oshchegula" name="test.JsonServiceTest" tests="1" failures="0" timestamp="5 Sep 2014 15:45:27 GMT" time="0.294" errors="0">
  <testcase name="registrationNegativeTest" time="0.294" classname="test.JsonServiceTest"/>
</testsuite> <!-- test.JsonServiceTest -->
