<?xml version="1.0" encoding="UTF-8"?>
<!-- Generated by org.testng.reporters.JUnitReportReporter -->
<testsuite hostname="oshchegula" name="test.JsonServiceTest" tests="1" failures="0" timestamp="4 Sep 2014 15:32:10 GMT" time="7,385" errors="0">
  <testcase name="JsonTest" time="7,385" classname="test.JsonServiceTest"/>
</testsuite>
